{"numFailedTestSuites":0,"numFailedTests":0,"numPassedTestSuites":1,"numPassedTests":3,"numPendingTestSuites":0,"numPendingTests":0,"numRuntimeErrorTestSuites":0,"numTotalTestSuites":1,"numTotalTests":3,"snapshot":{"added":0,"didUpdate":false,"failure":false,"filesAdded":0,"filesRemoved":0,"filesUnmatched":0,"filesUpdated":0,"matched":0,"total":0,"unchecked":0,"unmatched":0,"updated":0},"startTime":1547161076315,"success":true,"testResults":[{"assertionResults":[{"failureMessages":[],"status":"passed","title":"should be defined and greater than zero size"},{"failureMessages":[],"status":"passed","title":"should support strings converstion"},{"failureMessages":[],"status":"passed","title":"render app with all elements wihout crashing "}],"endTime":1547161085040,"message":"","name":"/Users/macuser/Documents/GitHub/airarabiafront/__test__/unit/first_unit.test.js","startTime":1547161076328,"status":"passed","summary":""}],"wasInterrupted":false}